==21000== Memcheck, a memory error detector
==21000== Copyright (C) 2002-2022, and GNU GPL'd, by Julian Seward et al.
==21000== Using Valgrind-3.20.0 and LibVEX; rerun with -h for copyright info
==21000== Command: ./a.out
==21000== Parent PID: 7764
==21000== 
==21000== Invalid read of size 8
==21000==    at 0x402FC2: shunting (shunting.c:110)
==21000==    by 0x4029AA: main (main.c:26)
==21000==  Address 0x4a51f48 is 8 bytes inside a block of size 24 free'd
==21000==    at 0x48460E4: free (vg_replace_malloc.c:884)
==21000==    by 0x4030FB: pop (stack.c:29)
==21000==    by 0x402FC1: shunting (shunting.c:110)
==21000==    by 0x4029AA: main (main.c:26)
==21000==  Block was alloc'd at
==21000==    at 0x484386F: malloc (vg_replace_malloc.c:393)
==21000==    by 0x403037: newstackNode (stack.c:9)
==21000==    by 0x403091: push (stack.c:17)
==21000==    by 0x402EA6: shunting (shunting.c:93)
==21000==    by 0x4029AA: main (main.c:26)
==21000== 
==21000== Invalid read of size 8
==21000==    at 0x402FC6: shunting (shunting.c:110)
==21000==    by 0x4029AA: main (main.c:26)
==21000==  Address 0x4a51f40 is 0 bytes inside a block of size 24 free'd
==21000==    at 0x48460E4: free (vg_replace_malloc.c:884)
==21000==    by 0x4030FB: pop (stack.c:29)
==21000==    by 0x402FC1: shunting (shunting.c:110)
==21000==    by 0x4029AA: main (main.c:26)
==21000==  Block was alloc'd at
==21000==    at 0x484386F: malloc (vg_replace_malloc.c:393)
==21000==    by 0x403037: newstackNode (stack.c:9)
==21000==    by 0x403091: push (stack.c:17)
==21000==    by 0x402EA6: shunting (shunting.c:93)
==21000==    by 0x4029AA: main (main.c:26)
==21000== 
==21000== Invalid read of size 8
==21000==    at 0x40144C: evaluate (calculator.c:44)
==21000==    by 0x4029CE: main (main.c:27)
==21000==  Address 0x4a52068 is 8 bytes inside a block of size 24 free'd
==21000==    at 0x48460E4: free (vg_replace_malloc.c:884)
==21000==    by 0x4030FB: pop (stack.c:29)
==21000==    by 0x40144B: evaluate (calculator.c:44)
==21000==    by 0x4029CE: main (main.c:27)
==21000==  Block was alloc'd at
==21000==    at 0x484386F: malloc (vg_replace_malloc.c:393)
==21000==    by 0x403037: newstackNode (stack.c:9)
==21000==    by 0x403091: push (stack.c:17)
==21000==    by 0x401269: evaluate (calculator.c:17)
==21000==    by 0x4029CE: main (main.c:27)
==21000== 
==21000== Invalid read of size 8
==21000==    at 0x401450: evaluate (calculator.c:44)
==21000==    by 0x4029CE: main (main.c:27)
==21000==  Address 0x4a52060 is 0 bytes inside a block of size 24 free'd
==21000==    at 0x48460E4: free (vg_replace_malloc.c:884)
==21000==    by 0x4030FB: pop (stack.c:29)
==21000==    by 0x40144B: evaluate (calculator.c:44)
==21000==    by 0x4029CE: main (main.c:27)
==21000==  Block was alloc'd at
==21000==    at 0x484386F: malloc (vg_replace_malloc.c:393)
==21000==    by 0x403037: newstackNode (stack.c:9)
==21000==    by 0x403091: push (stack.c:17)
==21000==    by 0x401269: evaluate (calculator.c:17)
==21000==    by 0x4029CE: main (main.c:27)
==21000== 
==21000== Invalid read of size 8
==21000==    at 0x401470: evaluate (calculator.c:45)
==21000==    by 0x4029CE: main (main.c:27)
==21000==  Address 0x4a52008 is 8 bytes inside a block of size 24 free'd
==21000==    at 0x48460E4: free (vg_replace_malloc.c:884)
==21000==    by 0x4030FB: pop (stack.c:29)
==21000==    by 0x40146F: evaluate (calculator.c:45)
==21000==    by 0x4029CE: main (main.c:27)
==21000==  Block was alloc'd at
==21000==    at 0x484386F: malloc (vg_replace_malloc.c:393)
==21000==    by 0x403037: newstackNode (stack.c:9)
==21000==    by 0x403091: push (stack.c:17)
==21000==    by 0x401269: evaluate (calculator.c:17)
==21000==    by 0x4029CE: main (main.c:27)
==21000== 
==21000== Invalid read of size 8
==21000==    at 0x401474: evaluate (calculator.c:45)
==21000==    by 0x4029CE: main (main.c:27)
==21000==  Address 0x4a52000 is 0 bytes inside a block of size 24 free'd
==21000==    at 0x48460E4: free (vg_replace_malloc.c:884)
==21000==    by 0x4030FB: pop (stack.c:29)
==21000==    by 0x40146F: evaluate (calculator.c:45)
==21000==    by 0x4029CE: main (main.c:27)
==21000==  Block was alloc'd at
==21000==    at 0x484386F: malloc (vg_replace_malloc.c:393)
==21000==    by 0x403037: newstackNode (stack.c:9)
==21000==    by 0x403091: push (stack.c:17)
==21000==    by 0x401269: evaluate (calculator.c:17)
==21000==    by 0x4029CE: main (main.c:27)
==21000== 
==21000== Invalid read of size 1
==21000==    at 0x48B8B3B: ____strtol_l_internal (strtol_l.c:291)
==21000==    by 0x48AD053: atoi (atoi.c:27)
==21000==    by 0x40149D: evaluate (calculator.c:49)
==21000==    by 0x4029CE: main (main.c:27)
==21000==  Address 0x4a520c0 is 0 bytes inside a block of size 3 free'd
==21000==    at 0x48460E4: free (vg_replace_malloc.c:884)
==21000==    by 0x40185D: evaluate (calculator.c:100)
==21000==    by 0x4029CE: main (main.c:27)
==21000==  Block was alloc'd at
==21000==    at 0x484386F: malloc (vg_replace_malloc.c:393)
==21000==    by 0x401802: evaluate (calculator.c:97)
==21000==    by 0x4029CE: main (main.c:27)
==21000== 
==21000== Invalid read of size 1
==21000==    at 0x48B8B86: ____strtol_l_internal (strtol_l.c:307)
==21000==    by 0x48AD053: atoi (atoi.c:27)
==21000==    by 0x40149D: evaluate (calculator.c:49)
==21000==    by 0x4029CE: main (main.c:27)
==21000==  Address 0x4a520c0 is 0 bytes inside a block of size 3 free'd
==21000==    at 0x48460E4: free (vg_replace_malloc.c:884)
==21000==    by 0x40185D: evaluate (calculator.c:100)
==21000==    by 0x4029CE: main (main.c:27)
==21000==  Block was alloc'd at
==21000==    at 0x484386F: malloc (vg_replace_malloc.c:393)
==21000==    by 0x401802: evaluate (calculator.c:97)
==21000==    by 0x4029CE: main (main.c:27)
==21000== 
==21000== Invalid read of size 1
==21000==    at 0x48B8C47: ____strtol_l_internal (strtol_l.c:431)
==21000==    by 0x48AD053: atoi (atoi.c:27)
==21000==    by 0x40149D: evaluate (calculator.c:49)
==21000==    by 0x4029CE: main (main.c:27)
==21000==  Address 0x4a520c1 is 1 bytes inside a block of size 3 free'd
==21000==    at 0x48460E4: free (vg_replace_malloc.c:884)
==21000==    by 0x40185D: evaluate (calculator.c:100)
==21000==    by 0x4029CE: main (main.c:27)
==21000==  Block was alloc'd at
==21000==    at 0x484386F: malloc (vg_replace_malloc.c:393)
==21000==    by 0x401802: evaluate (calculator.c:97)
==21000==    by 0x4029CE: main (main.c:27)
==21000== 
==21000== Invalid read of size 1
==21000==    at 0x48B8B3B: ____strtol_l_internal (strtol_l.c:291)
==21000==    by 0x48AD053: atoi (atoi.c:27)
==21000==    by 0x401FA0: evaluate (calculator.c:178)
==21000==    by 0x4029CE: main (main.c:27)
==21000==  Address 0x4a52170 is 0 bytes inside a block of size 3 free'd
==21000==    at 0x48460E4: free (vg_replace_malloc.c:884)
==21000==    by 0x4016A4: evaluate (calculator.c:82)
==21000==    by 0x4029CE: main (main.c:27)
==21000==  Block was alloc'd at
==21000==    at 0x484386F: malloc (vg_replace_malloc.c:393)
==21000==    by 0x401649: evaluate (calculator.c:79)
==21000==    by 0x4029CE: main (main.c:27)
==21000== 
==21000== Invalid read of size 1
==21000==    at 0x48B8B86: ____strtol_l_internal (strtol_l.c:307)
==21000==    by 0x48AD053: atoi (atoi.c:27)
==21000==    by 0x401FA0: evaluate (calculator.c:178)
==21000==    by 0x4029CE: main (main.c:27)
==21000==  Address 0x4a52170 is 0 bytes inside a block of size 3 free'd
==21000==    at 0x48460E4: free (vg_replace_malloc.c:884)
==21000==    by 0x4016A4: evaluate (calculator.c:82)
==21000==    by 0x4029CE: main (main.c:27)
==21000==  Block was alloc'd at
==21000==    at 0x484386F: malloc (vg_replace_malloc.c:393)
==21000==    by 0x401649: evaluate (calculator.c:79)
==21000==    by 0x4029CE: main (main.c:27)
==21000== 
==21000== Invalid read of size 1
==21000==    at 0x48B8C47: ____strtol_l_internal (strtol_l.c:431)
==21000==    by 0x48AD053: atoi (atoi.c:27)
==21000==    by 0x401FA0: evaluate (calculator.c:178)
==21000==    by 0x4029CE: main (main.c:27)
==21000==  Address 0x4a52171 is 1 bytes inside a block of size 3 free'd
==21000==    at 0x48460E4: free (vg_replace_malloc.c:884)
==21000==    by 0x4016A4: evaluate (calculator.c:82)
==21000==    by 0x4029CE: main (main.c:27)
==21000==  Block was alloc'd at
==21000==    at 0x484386F: malloc (vg_replace_malloc.c:393)
==21000==    by 0x401649: evaluate (calculator.c:79)
==21000==    by 0x4029CE: main (main.c:27)
==21000== 
==21000== Invalid read of size 8
==21000==    at 0x40138A: evaluate (calculator.c:32)
==21000==    by 0x4029CE: main (main.c:27)
==21000==  Address 0x4a544f0 is 0 bytes inside a block of size 24 free'd
==21000==    at 0x48460E4: free (vg_replace_malloc.c:884)
==21000==    by 0x4030FB: pop (stack.c:29)
==21000==    by 0x401389: evaluate (calculator.c:32)
==21000==    by 0x4029CE: main (main.c:27)
==21000==  Block was alloc'd at
==21000==    at 0x484386F: malloc (vg_replace_malloc.c:393)
==21000==    by 0x403037: newstackNode (stack.c:9)
==21000==    by 0x403091: push (stack.c:17)
==21000==    by 0x401269: evaluate (calculator.c:17)
==21000==    by 0x4029CE: main (main.c:27)
==21000== 
==21000== Invalid read of size 8
==21000==    at 0x4013A7: evaluate (calculator.c:33)
==21000==    by 0x4029CE: main (main.c:27)
==21000==  Address 0x4a54490 is 0 bytes inside a block of size 24 free'd
==21000==    at 0x48460E4: free (vg_replace_malloc.c:884)
==21000==    by 0x4030FB: pop (stack.c:29)
==21000==    by 0x4013A6: evaluate (calculator.c:33)
==21000==    by 0x4029CE: main (main.c:27)
==21000==  Block was alloc'd at
==21000==    at 0x484386F: malloc (vg_replace_malloc.c:393)
==21000==    by 0x403037: newstackNode (stack.c:9)
==21000==    by 0x403091: push (stack.c:17)
==21000==    by 0x401269: evaluate (calculator.c:17)
==21000==    by 0x4029CE: main (main.c:27)
==21000== 
==21000== 
==21000== HEAP SUMMARY:
==21000==     in use at exit: 40 bytes in 9 blocks
==21000==   total heap usage: 33 allocs, 24 frees, 19,354 bytes allocated
==21000== 
==21000== 2 bytes in 1 blocks are definitely lost in loss record 1 of 4
==21000==    at 0x484386F: malloc (vg_replace_malloc.c:393)
==21000==    by 0x402875: lexer (lexer.c:162)
==21000==    by 0x402992: main (main.c:25)
==21000== 
==21000== 6 bytes in 3 blocks are definitely lost in loss record 2 of 4
==21000==    at 0x484386F: malloc (vg_replace_malloc.c:393)
==21000==    by 0x402383: lexer (lexer.c:72)
==21000==    by 0x402992: main (main.c:25)
==21000== 
==21000== 8 bytes in 4 blocks are definitely lost in loss record 3 of 4
==21000==    at 0x484386F: malloc (vg_replace_malloc.c:393)
==21000==    by 0x4027DB: lexer (lexer.c:152)
==21000==    by 0x402992: main (main.c:25)
==21000== 
==21000== 24 bytes in 1 blocks are definitely lost in loss record 4 of 4
==21000==    at 0x484386F: malloc (vg_replace_malloc.c:393)
==21000==    by 0x403037: newstackNode (stack.c:9)
==21000==    by 0x403091: push (stack.c:17)
==21000==    by 0x4016C4: evaluate (calculator.c:83)
==21000==    by 0x4029CE: main (main.c:27)
==21000== 
==21000== LEAK SUMMARY:
==21000==    definitely lost: 40 bytes in 9 blocks
==21000==    indirectly lost: 0 bytes in 0 blocks
==21000==      possibly lost: 0 bytes in 0 blocks
==21000==    still reachable: 0 bytes in 0 blocks
==21000==         suppressed: 0 bytes in 0 blocks
==21000== 
==21000== For lists of detected and suppressed errors, rerun with: -s
==21000== ERROR SUMMARY: 28 errors from 18 contexts (suppressed: 0 from 0)
